<?xml version="1.0" encoding="UTF-8"?>
<!-- Generated by org.testng.reporters.JUnitReportReporter -->
<testsuite hostname="LAPTOP-VVQO476E" failures="0" tests="2" name="myFirstProject.AlertPopUpsTest" time="21.126" errors="0" timestamp="2024-04-20T12:50:01 IST" skipped="0">
  <testcase classname="myFirstProject.AlertPopUpsTest" name="popUp" time="21.124"/>
  <system-out>
    <![CDATA[Do you like automation? [yes/no]
You selected yes]]>
  </system-out>
  <testcase classname="myFirstProject.AlertPopUpsTest" name="sampletest1" time="0.002"/>
  <system-out>
    <![CDATA[sample---1]]>
  </system-out>
</testsuite> <!-- myFirstProject.AlertPopUpsTest -->
